2023-05-03 13:01:34 INFO  IsAdminServlet:38 - RECEIVED POST REQUEST
  2023-05-03 13:01:35 INFO  IsAdminServlet:35 - IS CLIENT WITH EMAIL anikotyk@gmail.com ADMIN: true
  2023-05-03 13:01:35 INFO  GetAllClientsServlet:34 - RECEIVED GET REQUEST
  2023-05-03 13:01:35 INFO  GetAllClientsServlet:31 - GET ALL CLIENTS
  2023-05-03 13:01:57 INFO  IsAdminServlet:38 - RECEIVED POST REQUEST
  2023-05-03 13:01:57 INFO  IsAdminServlet:35 - IS CLIENT WITH EMAIL justannafor@gmail.com ADMIN: false
  2023-05-03 13:01:57 INFO  GetClientServlet:38 - RECEIVED POST REQUEST
  2023-05-03 13:01:57 INFO  GetClientServlet:37 - CREATE CLIENT WITH EMAIL justannafor@gmail.com
  2023-05-03 13:01:57 INFO  GetClientServlet:43 - GET CLIENT WITH EMAIL justannafor@gmail.com
  2023-05-03 13:28:38 INFO  IsAdminServlet:38 - RECEIVED POST REQUEST
  2023-05-03 13:28:38 INFO  IsAdminServlet:35 - IS CLIENT WITH EMAIL anikotyk@gmail.com ADMIN: true
  2023-05-03 13:28:38 INFO  GetAllClientsServlet:34 - RECEIVED GET REQUEST
  2023-05-03 13:28:38 INFO  GetAllClientsServlet:31 - GET ALL CLIENTS
  2023-05-03 13:31:10 INFO  IsAdminServlet:38 - RECEIVED POST REQUEST
  2023-05-03 13:31:10 INFO  IsAdminServlet:35 - IS CLIENT WITH EMAIL justannafor@gmail.com ADMIN: false
  2023-05-03 13:31:10 INFO  GetClientServlet:38 - RECEIVED POST REQUEST
  2023-05-03 13:31:10 INFO  GetClientServlet:37 - CREATE CLIENT WITH EMAIL justannafor@gmail.com
  2023-05-03 13:31:10 INFO  GetClientServlet:43 - GET CLIENT WITH EMAIL justannafor@gmail.com
  2023-05-03 13:31:32 INFO  SetClientPhoneServlet:38 - RECEIVED POST REQUEST
  2023-05-03 13:31:32 INFO  SetClientPhoneServlet:37 - SET CLIENT WITH ID 20 PHONE NUMBER 1238763234
  2023-05-03 13:31:33 INFO  IsAdminServlet:38 - RECEIVED POST REQUEST
  2023-05-03 13:31:33 INFO  IsAdminServlet:35 - IS CLIENT WITH EMAIL justannafor@gmail.com ADMIN: false
  2023-05-03 13:31:33 INFO  GetClientServlet:38 - RECEIVED POST REQUEST
  2023-05-03 13:31:33 INFO  GetClientServlet:43 - GET CLIENT WITH EMAIL justannafor@gmail.com
  2023-05-03 13:31:51 INFO  IsAdminServlet:38 - RECEIVED POST REQUEST
  2023-05-03 13:31:51 INFO  IsAdminServlet:35 - IS CLIENT WITH EMAIL anikotyk@gmail.com ADMIN: true
  2023-05-03 13:31:51 INFO  GetAllClientsServlet:34 - RECEIVED GET REQUEST
  2023-05-03 13:31:51 INFO  GetAllClientsServlet:31 - GET ALL CLIENTS
  2023-05-03 13:31:55 INFO  ConfirmClientServlet:38 - RECEIVED POST REQUEST
  2023-05-03 13:31:55 INFO  ConfirmClientServlet:35 - CONFIRMED CLIENT WITH ID 20
  2023-05-03 13:31:56 INFO  IsAdminServlet:38 - RECEIVED POST REQUEST
  2023-05-03 13:31:56 INFO  IsAdminServlet:35 - IS CLIENT WITH EMAIL anikotyk@gmail.com ADMIN: true
  2023-05-03 13:31:56 INFO  GetAllClientsServlet:34 - RECEIVED GET REQUEST
  2023-05-03 13:31:56 INFO  GetAllClientsServlet:31 - GET ALL CLIENTS
  2023-05-03 13:32:01 INFO  GetAllClientUnpaidServicesServlet:38 - RECEIVED POST REQUEST
  2023-05-03 13:32:01 INFO  GetAllClientUnpaidServicesServlet:37 - GET ALL CLIENT UNPAID SERVICES, ID: 20
  2023-05-03 13:32:07 INFO  GetAllClientUnpaidServicesServlet:38 - RECEIVED POST REQUEST
  2023-05-03 13:32:07 INFO  GetAllClientUnpaidServicesServlet:37 - GET ALL CLIENT UNPAID SERVICES, ID: 18
  2023-05-03 13:33:40 INFO  IsAdminServlet:38 - RECEIVED POST REQUEST
  2023-05-03 13:33:40 INFO  IsAdminServlet:35 - IS CLIENT WITH EMAIL justannafor@gmail.com ADMIN: false
  2023-05-03 13:33:40 INFO  GetClientServlet:38 - RECEIVED POST REQUEST
  2023-05-03 13:33:40 INFO  GetClientServlet:43 - GET CLIENT WITH EMAIL justannafor@gmail.com
  2023-05-03 13:33:40 INFO  GetAllClientAddedServicesServlet:38 - RECEIVED POST REQUEST
  2023-05-03 13:33:40 INFO  GetAllClientPaidServicesServlet:38 - RECEIVED POST REQUEST
  2023-05-03 13:33:40 INFO  GetAllClientAddedServicesServlet:37 - GET ALL CLIENT ADDED SERVICES, ID: 20
  2023-05-03 13:33:40 INFO  GetAllServicesServlet:34 - RECEIVED GET REQUEST
  2023-05-03 13:33:40 INFO  GetAllClientPaidServicesServlet:37 - GET ALL CLIENT PAID SERVICES, ID: 20
  2023-05-03 13:33:40 INFO  GetAllServicesServlet:31 - GET ALL SERVICES
  2023-05-03 13:33:40 INFO  GetAllServicesServlet:34 - RECEIVED GET REQUEST
  2023-05-03 13:33:40 INFO  GetAllClientPaidServicesServlet:38 - RECEIVED POST REQUEST
  2023-05-03 13:33:40 INFO  GetAllClientPaidServicesServlet:37 - GET ALL CLIENT PAID SERVICES, ID: 20
  2023-05-03 13:33:40 INFO  GetAllServicesServlet:31 - GET ALL SERVICES
  2023-05-03 13:33:40 INFO  GetAllServicesServlet:34 - RECEIVED GET REQUEST
  2023-05-03 13:33:40 INFO  GetAllServicesServlet:31 - GET ALL SERVICES
  2023-05-03 13:34:44 INFO  AddServiceToClientServlet:38 - RECEIVED POST REQUEST
  2023-05-03 13:34:44 INFO  AddServiceToClientServlet:36 - ADD SERVICE WITH ID 2 TO CLIENT WITH ID 20
  2023-05-03 13:34:46 INFO  IsAdminServlet:38 - RECEIVED POST REQUEST
  2023-05-03 13:34:46 INFO  IsAdminServlet:35 - IS CLIENT WITH EMAIL justannafor@gmail.com ADMIN: false
  2023-05-03 13:34:46 INFO  GetClientServlet:38 - RECEIVED POST REQUEST
  2023-05-03 13:34:46 INFO  GetClientServlet:43 - GET CLIENT WITH EMAIL justannafor@gmail.com
  2023-05-03 13:34:46 INFO  GetAllClientPaidServicesServlet:38 - RECEIVED POST REQUEST
  2023-05-03 13:34:46 INFO  GetAllClientAddedServicesServlet:38 - RECEIVED POST REQUEST
  2023-05-03 13:34:46 INFO  GetAllServicesServlet:34 - RECEIVED GET REQUEST
  2023-05-03 13:34:46 INFO  GetAllClientPaidServicesServlet:37 - GET ALL CLIENT PAID SERVICES, ID: 20
  2023-05-03 13:34:46 INFO  GetAllClientAddedServicesServlet:37 - GET ALL CLIENT ADDED SERVICES, ID: 20
  2023-05-03 13:34:46 INFO  GetAllServicesServlet:31 - GET ALL SERVICES
  2023-05-03 13:34:46 INFO  GetAllClientAddedServicesServlet:38 - RECEIVED POST REQUEST
  2023-05-03 13:34:46 INFO  GetAllServicesServlet:34 - RECEIVED GET REQUEST
  2023-05-03 13:34:46 INFO  GetAllServicesServlet:31 - GET ALL SERVICES
  2023-05-03 13:34:46 INFO  GetAllClientAddedServicesServlet:37 - GET ALL CLIENT ADDED SERVICES, ID: 20
  2023-05-03 13:34:46 INFO  GetAllServicesServlet:34 - RECEIVED GET REQUEST
  2023-05-03 13:34:46 INFO  GetAllServicesServlet:31 - GET ALL SERVICES
  2023-05-03 13:34:52 INFO  AddClientPaymentServlet:38 - RECEIVED POST REQUEST
  2023-05-03 13:34:52 INFO  AddClientPaymentServlet:37 - PAY SERVICE WITH ID 2 CLIENT WITH ID 20
  2023-05-03 13:34:53 INFO  IsAdminServlet:38 - RECEIVED POST REQUEST
  2023-05-03 13:34:53 INFO  IsAdminServlet:35 - IS CLIENT WITH EMAIL justannafor@gmail.com ADMIN: false
  2023-05-03 13:34:53 INFO  GetClientServlet:38 - RECEIVED POST REQUEST
  2023-05-03 13:34:53 INFO  GetClientServlet:43 - GET CLIENT WITH EMAIL justannafor@gmail.com
  2023-05-03 13:34:53 INFO  GetAllServicesServlet:34 - RECEIVED GET REQUEST
  2023-05-03 13:34:53 INFO  GetAllClientAddedServicesServlet:38 - RECEIVED POST REQUEST
  2023-05-03 13:34:53 INFO  GetAllServicesServlet:31 - GET ALL SERVICES
  2023-05-03 13:34:53 INFO  GetAllClientAddedServicesServlet:37 - GET ALL CLIENT ADDED SERVICES, ID: 20
  2023-05-03 13:34:53 INFO  GetAllClientPaidServicesServlet:38 - RECEIVED POST REQUEST
  2023-05-03 13:34:53 INFO  GetAllClientPaidServicesServlet:37 - GET ALL CLIENT PAID SERVICES, ID: 20
  2023-05-03 13:34:53 INFO  GetAllServicesServlet:34 - RECEIVED GET REQUEST
  2023-05-03 13:34:53 INFO  GetAllClientPaidServicesServlet:38 - RECEIVED POST REQUEST
  2023-05-03 13:34:53 INFO  GetAllClientPaidServicesServlet:38 - RECEIVED POST REQUEST
  2023-05-03 13:34:53 INFO  GetAllServicesServlet:31 - GET ALL SERVICES
  2023-05-03 13:34:53 INFO  GetAllClientPaidServicesServlet:37 - GET ALL CLIENT PAID SERVICES, ID: 20
  2023-05-03 13:34:53 INFO  GetAllClientPaidServicesServlet:37 - GET ALL CLIENT PAID SERVICES, ID: 20
  2023-05-03 13:34:59 INFO  AddServiceToClientServlet:38 - RECEIVED POST REQUEST
  2023-05-03 13:34:59 INFO  AddServiceToClientServlet:36 - ADD SERVICE WITH ID 3 TO CLIENT WITH ID 20
  2023-05-03 13:35:00 INFO  IsAdminServlet:38 - RECEIVED POST REQUEST
  2023-05-03 13:35:00 INFO  IsAdminServlet:35 - IS CLIENT WITH EMAIL justannafor@gmail.com ADMIN: false
  2023-05-03 13:35:00 INFO  GetClientServlet:38 - RECEIVED POST REQUEST
  2023-05-03 13:35:00 INFO  GetClientServlet:43 - GET CLIENT WITH EMAIL justannafor@gmail.com
  2023-05-03 13:35:00 INFO  GetAllServicesServlet:34 - RECEIVED GET REQUEST
  2023-05-03 13:35:00 INFO  GetAllClientPaidServicesServlet:38 - RECEIVED POST REQUEST
  2023-05-03 13:35:00 INFO  GetAllClientAddedServicesServlet:38 - RECEIVED POST REQUEST
  2023-05-03 13:35:00 INFO  GetAllClientPaidServicesServlet:37 - GET ALL CLIENT PAID SERVICES, ID: 20
  2023-05-03 13:35:00 INFO  GetAllClientAddedServicesServlet:37 - GET ALL CLIENT ADDED SERVICES, ID: 20
  2023-05-03 13:35:00 INFO  GetAllServicesServlet:31 - GET ALL SERVICES
  2023-05-03 13:35:00 INFO  GetAllClientAddedServicesServlet:38 - RECEIVED POST REQUEST
  2023-05-03 13:35:00 INFO  GetAllServicesServlet:34 - RECEIVED GET REQUEST
  2023-05-03 13:35:00 INFO  GetAllClientAddedServicesServlet:37 - GET ALL CLIENT ADDED SERVICES, ID: 20
  2023-05-03 13:35:00 INFO  GetAllServicesServlet:31 - GET ALL SERVICES
  2023-05-03 13:35:00 INFO  GetAllServicesServlet:34 - RECEIVED GET REQUEST
  2023-05-03 13:35:00 INFO  GetAllServicesServlet:31 - GET ALL SERVICES
  